TN:
SF:src/constants.js
FNF:0
FNH:0
DA:6,1
DA:13,1
DA:18,1
DA:33,1
DA:35,1
DA:39,1
DA:48,1
DA:63,1
LF:8
LH:8
BRF:0
BRH:0
end_of_record
TN:
SF:src/logger.js
FN:13,(anonymous_0)
FNF:1
FNH:0
FNDA:0,(anonymous_0)
DA:13,1
DA:14,0
DA:15,0
DA:18,1
LF:4
LH:2
BRF:0
BRH:0
end_of_record
TN:
SF:src/utils/rewardsCalculator.js
FN:14,(anonymous_0)
FN:48,(anonymous_1)
FN:54,(anonymous_2)
FN:71,(anonymous_3)
FN:79,(anonymous_4)
FN:103,(anonymous_5)
FN:109,(anonymous_6)
FNF:7
FNH:7
FNDA:43,(anonymous_0)
FNDA:7,(anonymous_1)
FNDA:10,(anonymous_2)
FNDA:7,(anonymous_3)
FNDA:10,(anonymous_4)
FNDA:7,(anonymous_5)
FNDA:8,(anonymous_6)
DA:14,1
DA:16,43
DA:17,43
DA:18,9
DA:19,9
DA:22,34
DA:25,34
DA:26,21
DA:27,21
DA:30,21
DA:31,21
DA:34,13
DA:35,12
DA:36,12
DA:39,34
DA:40,34
DA:48,1
DA:49,7
DA:50,3
DA:51,3
DA:54,4
DA:55,10
DA:58,4
DA:63,4
DA:71,1
DA:72,7
DA:73,3
DA:74,3
DA:77,4
DA:79,4
DA:80,10
DA:81,10
DA:83,10
DA:84,7
DA:87,10
DA:90,4
DA:95,4
DA:103,1
DA:104,7
DA:105,3
DA:106,3
DA:109,8
LF:42
LH:42
BRDA:17,0,0,9
BRDA:17,0,1,34
BRDA:17,1,0,43
BRDA:17,1,1,42
BRDA:25,2,0,21
BRDA:25,2,1,13
BRDA:34,3,0,12
BRDA:34,3,1,1
BRDA:49,4,0,3
BRDA:49,4,1,4
BRDA:49,5,0,7
BRDA:49,5,1,5
BRDA:72,6,0,3
BRDA:72,6,1,4
BRDA:72,7,0,7
BRDA:72,7,1,5
BRDA:83,8,0,7
BRDA:83,8,1,3
BRDA:104,9,0,3
BRDA:104,9,1,4
BRDA:104,10,0,7
BRDA:104,10,1,5
BRF:22
BRH:22
end_of_record
